<?xml version="1.0" encoding="UTF-8"?>
<testsuite name="com.malang.webservice.mobile.web.IndexControllerTest" tests="1" skipped="0" failures="0" errors="0" timestamp="2020-03-26T10:59:31" hostname="DESKTOP-NIB6VQ9" time="0.199">
  <properties/>
  <testcase name="메인페이지_로딩" classname="com.malang.webservice.mobile.web.IndexControllerTest" time="0.199"/>
  <system-out><![CDATA[2020-03-26 19:59:29.019  INFO 21364 --- [    Test worker] .b.t.c.SpringBootTestContextBootstrapper : Neither @ContextConfiguration nor @ContextHierarchy found for test class [com.malang.webservice.mobile.web.IndexControllerTest], using SpringBootContextLoader
2020-03-26 19:59:29.020  INFO 21364 --- [    Test worker] o.s.t.c.support.AbstractContextLoader    : Could not detect default resource locations for test class [com.malang.webservice.mobile.web.IndexControllerTest]: no resource found for suffixes {-context.xml, Context.groovy}.
2020-03-26 19:59:29.020  INFO 21364 --- [    Test worker] t.c.s.AnnotationConfigContextLoaderUtils : Could not detect default configuration classes for test class [com.malang.webservice.mobile.web.IndexControllerTest]: IndexControllerTest does not declare any static, non-private, non-final, nested classes annotated with @Configuration.
2020-03-26 19:59:29.021  INFO 21364 --- [    Test worker] .b.t.c.SpringBootTestContextBootstrapper : Found @SpringBootConfiguration com.malang.webservice.mobile.Application for test class com.malang.webservice.mobile.web.IndexControllerTest
2020-03-26 19:59:29.023  INFO 21364 --- [    Test worker] .b.t.c.SpringBootTestContextBootstrapper : Loaded default TestExecutionListener class names from location [META-INF/spring.factories]: [org.springframework.security.test.context.support.WithSecurityContextTestExecutionListener, org.springframework.security.test.context.support.ReactorContextTestExecutionListener, org.springframework.boot.test.autoconfigure.restdocs.RestDocsTestExecutionListener, org.springframework.boot.test.autoconfigure.web.client.MockRestServiceServerResetTestExecutionListener, org.springframework.boot.test.autoconfigure.web.servlet.MockMvcPrintOnlyOnFailureTestExecutionListener, org.springframework.boot.test.autoconfigure.web.servlet.WebDriverTestExecutionListener, org.springframework.boot.test.mock.mockito.MockitoTestExecutionListener, org.springframework.boot.test.mock.mockito.ResetMocksTestExecutionListener, org.springframework.test.context.web.ServletTestExecutionListener, org.springframework.test.context.support.DirtiesContextBeforeModesTestExecutionListener, org.springframework.test.context.support.DependencyInjectionTestExecutionListener, org.springframework.test.context.support.DirtiesContextTestExecutionListener, org.springframework.test.context.transaction.TransactionalTestExecutionListener, org.springframework.test.context.jdbc.SqlScriptsTestExecutionListener]
2020-03-26 19:59:29.024  INFO 21364 --- [    Test worker] .b.t.c.SpringBootTestContextBootstrapper : Using TestExecutionListeners: [org.springframework.test.context.web.ServletTestExecutionListener@66b61813, org.springframework.test.context.support.DirtiesContextBeforeModesTestExecutionListener@18ecece5, org.springframework.boot.test.mock.mockito.MockitoTestExecutionListener@220e247d, org.springframework.boot.test.autoconfigure.SpringBootDependencyInjectionTestExecutionListener@39ef6988, org.springframework.test.context.support.DirtiesContextTestExecutionListener@6fcf8826, org.springframework.test.context.transaction.TransactionalTestExecutionListener@10bbdafe, org.springframework.test.context.jdbc.SqlScriptsTestExecutionListener@43c53958, org.springframework.security.test.context.support.WithSecurityContextTestExecutionListener@1a4bb81, org.springframework.security.test.context.support.ReactorContextTestExecutionListener@12b99d2b, org.springframework.boot.test.autoconfigure.restdocs.RestDocsTestExecutionListener@5c1bd9a8, org.springframework.boot.test.autoconfigure.web.client.MockRestServiceServerResetTestExecutionListener@367e348a, org.springframework.boot.test.autoconfigure.web.servlet.MockMvcPrintOnlyOnFailureTestExecutionListener@12a2e977, org.springframework.boot.test.autoconfigure.web.servlet.WebDriverTestExecutionListener@4c2c7ecd, org.springframework.boot.test.mock.mockito.ResetMocksTestExecutionListener@4ef82879]

  .   ____          _            __ _ _
 /\\ / ___'_ __ _ _(_)_ __  __ _ \ \ \ \
( ( )\___ | '_ | '_| | '_ \/ _` | \ \ \ \
 \\/  ___)| |_)| | | | | || (_| |  ) ) ) )
  '  |____| .__|_| |_|_| |_\__, | / / / /
 =========|_|==============|___/=/_/_/_/
 :: Spring Boot ::        (v2.1.9.RELEASE)

2020-03-26 19:59:29.067  INFO 21364 --- [    Test worker] c.m.w.mobile.web.IndexControllerTest     : Starting IndexControllerTest on DESKTOP-NIB6VQ9 with PID 21364 (started by winde in C:\Users\winde\IdeaProjects\malang-webservice)
2020-03-26 19:59:29.067  INFO 21364 --- [    Test worker] c.m.w.mobile.web.IndexControllerTest     : No active profile set, falling back to default profiles: default
2020-03-26 19:59:29.314  INFO 21364 --- [    Test worker] .s.d.r.c.RepositoryConfigurationDelegate : Bootstrapping Spring Data repositories in DEFAULT mode.
2020-03-26 19:59:29.345  INFO 21364 --- [    Test worker] .s.d.r.c.RepositoryConfigurationDelegate : Finished Spring Data repository scanning in 31ms. Found 2 repository interfaces.
2020-03-26 19:59:29.449  INFO 21364 --- [    Test worker] trationDelegate$BeanPostProcessorChecker : Bean 'org.springframework.transaction.annotation.ProxyTransactionManagementConfiguration' of type [org.springframework.transaction.annotation.ProxyTransactionManagementConfiguration$$EnhancerBySpringCGLIB$$96a1c302] is not eligible for getting processed by all BeanPostProcessors (for example: not eligible for auto-proxying)
2020-03-26 19:59:29.723  INFO 21364 --- [    Test worker] o.s.b.w.embedded.tomcat.TomcatWebServer  : Tomcat initialized with port(s): 0 (http)
2020-03-26 19:59:29.757  INFO 21364 --- [    Test worker] o.apache.catalina.core.StandardService   : Starting service [Tomcat]
2020-03-26 19:59:29.757  INFO 21364 --- [    Test worker] org.apache.catalina.core.StandardEngine  : Starting Servlet engine: [Apache Tomcat/9.0.26]
2020-03-26 19:59:29.943  INFO 21364 --- [    Test worker] o.a.c.c.C.[Tomcat].[localhost].[/]       : Initializing Spring embedded WebApplicationContext
2020-03-26 19:59:29.944  INFO 21364 --- [    Test worker] o.s.web.context.ContextLoader            : Root WebApplicationContext: initialization completed in 873 ms
2020-03-26 19:59:30.126  INFO 21364 --- [    Test worker] com.zaxxer.hikari.HikariDataSource       : HikariPool-2 - Starting...
2020-03-26 19:59:30.127  INFO 21364 --- [    Test worker] com.zaxxer.hikari.HikariDataSource       : HikariPool-2 - Start completed.
2020-03-26 19:59:30.175  INFO 21364 --- [    Test worker] o.hibernate.jpa.internal.util.LogHelper  : HHH000204: Processing PersistenceUnitInfo [
	name: default
	...]
2020-03-26 19:59:30.188  INFO 21364 --- [    Test worker] org.hibernate.dialect.Dialect            : HHH000400: Using dialect: org.hibernate.dialect.MySQL5InnoDBDialect
Hibernate: drop table if exists posts
Hibernate: drop table if exists user
Hibernate: create table posts (id bigint not null auto_increment, created_date datetime, modified_date datetime, author varchar(255), content TEXT not null, title varchar(500) not null, primary key (id)) engine=InnoDB
Hibernate: create table user (id bigint not null auto_increment, created_date datetime, modified_date datetime, email varchar(255) not null, name varchar(255) not null, picture varchar(255), role varchar(255) not null, primary key (id)) engine=InnoDB
2020-03-26 19:59:30.256  INFO 21364 --- [    Test worker] o.h.t.schema.internal.SchemaCreatorImpl  : HHH000476: Executing import script 'org.hibernate.tool.schema.internal.exec.ScriptSourceInputNonExistentImpl@52bb1c9e'
2020-03-26 19:59:30.257  INFO 21364 --- [    Test worker] j.LocalContainerEntityManagerFactoryBean : Initialized JPA EntityManagerFactory for persistence unit 'default'
2020-03-26 19:59:30.587  INFO 21364 --- [    Test worker] o.h.h.i.QueryTranslatorFactoryInitiator  : HHH000397: Using ASTQueryTranslatorFactory
2020-03-26 19:59:30.751  INFO 21364 --- [    Test worker] o.s.s.web.DefaultSecurityFilterChain     : Creating filter chain: any request, [org.springframework.security.web.context.request.async.WebAsyncManagerIntegrationFilter@36ee91f3, org.springframework.security.web.context.SecurityContextPersistenceFilter@7edc9b6, org.springframework.security.web.header.HeaderWriterFilter@759367b5, org.springframework.security.web.authentication.logout.LogoutFilter@45de77c, org.springframework.security.oauth2.client.web.OAuth2AuthorizationRequestRedirectFilter@28aaed6a, org.springframework.security.oauth2.client.web.OAuth2LoginAuthenticationFilter@2616f68d, org.springframework.security.web.authentication.ui.DefaultLoginPageGeneratingFilter@6d942301, org.springframework.security.web.authentication.ui.DefaultLogoutPageGeneratingFilter@574b9e62, org.springframework.security.web.savedrequest.RequestCacheAwareFilter@6a906147, org.springframework.security.web.servletapi.SecurityContextHolderAwareRequestFilter@4500d6f, org.springframework.security.web.authentication.AnonymousAuthenticationFilter@28f5e85c, org.springframework.security.web.session.SessionManagementFilter@78f23be7, org.springframework.security.web.access.ExceptionTranslationFilter@45d518b4, org.springframework.security.web.access.intercept.FilterSecurityInterceptor@7ecd511]
2020-03-26 19:59:30.953  INFO 21364 --- [    Test worker] o.s.s.concurrent.ThreadPoolTaskExecutor  : Initializing ExecutorService 'applicationTaskExecutor'
2020-03-26 19:59:30.966  WARN 21364 --- [    Test worker] aWebConfiguration$JpaWebMvcConfiguration : spring.jpa.open-in-view is enabled by default. Therefore, database queries may be performed during view rendering. Explicitly configure spring.jpa.open-in-view to disable this warning
2020-03-26 19:59:30.996  INFO 21364 --- [    Test worker] o.s.b.a.w.s.WelcomePageHandlerMapping    : Adding welcome page template: index
2020-03-26 19:59:31.257  INFO 21364 --- [    Test worker] s.a.ScheduledAnnotationBeanPostProcessor : No TaskScheduler/ScheduledExecutorService bean found for scheduled processing
2020-03-26 19:59:31.277  INFO 21364 --- [    Test worker] o.s.b.w.embedded.tomcat.TomcatWebServer  : Tomcat started on port(s): 59129 (http) with context path ''
2020-03-26 19:59:31.278  INFO 21364 --- [    Test worker] c.m.w.mobile.web.IndexControllerTest     : Started IndexControllerTest in 2.252 seconds (JVM running for 12.093)
2020-03-26 19:59:31.388  INFO 21364 --- [o-auto-1-exec-1] o.a.c.c.C.[Tomcat].[localhost].[/]       : Initializing Spring DispatcherServlet 'dispatcherServlet'
2020-03-26 19:59:31.389  INFO 21364 --- [o-auto-1-exec-1] o.s.web.servlet.DispatcherServlet        : Initializing Servlet 'dispatcherServlet'
2020-03-26 19:59:31.408  INFO 21364 --- [o-auto-1-exec-1] o.s.web.servlet.DispatcherServlet        : Completed initialization in 19 ms
Hibernate: select posts0_.id as id1_0_, posts0_.created_date as created_2_0_, posts0_.modified_date as modified3_0_, posts0_.author as author4_0_, posts0_.content as content5_0_, posts0_.title as title6_0_ from posts posts0_ order by posts0_.id DESC
]]></system-out>
  <system-err><![CDATA[]]></system-err>
</testsuite>
