<?xml version="1.0" encoding="UTF-8"?>
<testsuite name="com.malang.webservice.mobile.web.IndexControllerTest" tests="1" skipped="0" failures="0" errors="0" timestamp="2020-03-24T13:58:07" hostname="DESKTOP-NIB6VQ9" time="0.173">
  <properties/>
  <testcase name="메인페이지_로딩" classname="com.malang.webservice.mobile.web.IndexControllerTest" time="0.173"/>
  <system-out><![CDATA[2020-03-24 22:58:05.288  INFO 12020 --- [    Test worker] .b.t.c.SpringBootTestContextBootstrapper : Neither @ContextConfiguration nor @ContextHierarchy found for test class [com.malang.webservice.mobile.web.IndexControllerTest], using SpringBootContextLoader
2020-03-24 22:58:05.289  INFO 12020 --- [    Test worker] o.s.t.c.support.AbstractContextLoader    : Could not detect default resource locations for test class [com.malang.webservice.mobile.web.IndexControllerTest]: no resource found for suffixes {-context.xml, Context.groovy}.
2020-03-24 22:58:05.289  INFO 12020 --- [    Test worker] t.c.s.AnnotationConfigContextLoaderUtils : Could not detect default configuration classes for test class [com.malang.webservice.mobile.web.IndexControllerTest]: IndexControllerTest does not declare any static, non-private, non-final, nested classes annotated with @Configuration.
2020-03-24 22:58:05.290  INFO 12020 --- [    Test worker] .b.t.c.SpringBootTestContextBootstrapper : Found @SpringBootConfiguration com.malang.webservice.mobile.Application for test class com.malang.webservice.mobile.web.IndexControllerTest
2020-03-24 22:58:05.291  INFO 12020 --- [    Test worker] .b.t.c.SpringBootTestContextBootstrapper : Loaded default TestExecutionListener class names from location [META-INF/spring.factories]: [org.springframework.security.test.context.support.WithSecurityContextTestExecutionListener, org.springframework.security.test.context.support.ReactorContextTestExecutionListener, org.springframework.boot.test.autoconfigure.restdocs.RestDocsTestExecutionListener, org.springframework.boot.test.autoconfigure.web.client.MockRestServiceServerResetTestExecutionListener, org.springframework.boot.test.autoconfigure.web.servlet.MockMvcPrintOnlyOnFailureTestExecutionListener, org.springframework.boot.test.autoconfigure.web.servlet.WebDriverTestExecutionListener, org.springframework.boot.test.mock.mockito.MockitoTestExecutionListener, org.springframework.boot.test.mock.mockito.ResetMocksTestExecutionListener, org.springframework.test.context.web.ServletTestExecutionListener, org.springframework.test.context.support.DirtiesContextBeforeModesTestExecutionListener, org.springframework.test.context.support.DependencyInjectionTestExecutionListener, org.springframework.test.context.support.DirtiesContextTestExecutionListener, org.springframework.test.context.transaction.TransactionalTestExecutionListener, org.springframework.test.context.jdbc.SqlScriptsTestExecutionListener]
2020-03-24 22:58:05.292  INFO 12020 --- [    Test worker] .b.t.c.SpringBootTestContextBootstrapper : Using TestExecutionListeners: [org.springframework.test.context.web.ServletTestExecutionListener@4242e65d, org.springframework.test.context.support.DirtiesContextBeforeModesTestExecutionListener@64a0814b, org.springframework.boot.test.mock.mockito.MockitoTestExecutionListener@3f145bc1, org.springframework.boot.test.autoconfigure.SpringBootDependencyInjectionTestExecutionListener@19d0eed6, org.springframework.test.context.support.DirtiesContextTestExecutionListener@4c7593bf, org.springframework.test.context.transaction.TransactionalTestExecutionListener@2cbff9a3, org.springframework.test.context.jdbc.SqlScriptsTestExecutionListener@316875a6, org.springframework.security.test.context.support.WithSecurityContextTestExecutionListener@2f509b03, org.springframework.security.test.context.support.ReactorContextTestExecutionListener@4fd81d3d, org.springframework.boot.test.autoconfigure.restdocs.RestDocsTestExecutionListener@1cf98784, org.springframework.boot.test.autoconfigure.web.client.MockRestServiceServerResetTestExecutionListener@6ece04f8, org.springframework.boot.test.autoconfigure.web.servlet.MockMvcPrintOnlyOnFailureTestExecutionListener@45ed12a1, org.springframework.boot.test.autoconfigure.web.servlet.WebDriverTestExecutionListener@4a53ded4, org.springframework.boot.test.mock.mockito.ResetMocksTestExecutionListener@1a46a5bd]

  .   ____          _            __ _ _
 /\\ / ___'_ __ _ _(_)_ __  __ _ \ \ \ \
( ( )\___ | '_ | '_| | '_ \/ _` | \ \ \ \
 \\/  ___)| |_)| | | | | || (_| |  ) ) ) )
  '  |____| .__|_| |_|_| |_\__, | / / / /
 =========|_|==============|___/=/_/_/_/
 :: Spring Boot ::        (v2.1.9.RELEASE)

2020-03-24 22:58:05.332  INFO 12020 --- [    Test worker] c.m.w.mobile.web.IndexControllerTest     : Starting IndexControllerTest on DESKTOP-NIB6VQ9 with PID 12020 (started by winde in C:\Users\winde\IdeaProjects\malang-webservice)
2020-03-24 22:58:05.332  INFO 12020 --- [    Test worker] c.m.w.mobile.web.IndexControllerTest     : No active profile set, falling back to default profiles: default
2020-03-24 22:58:05.582  INFO 12020 --- [    Test worker] .s.d.r.c.RepositoryConfigurationDelegate : Bootstrapping Spring Data repositories in DEFAULT mode.
2020-03-24 22:58:05.610  INFO 12020 --- [    Test worker] .s.d.r.c.RepositoryConfigurationDelegate : Finished Spring Data repository scanning in 28ms. Found 2 repository interfaces.
2020-03-24 22:58:05.716  INFO 12020 --- [    Test worker] trationDelegate$BeanPostProcessorChecker : Bean 'org.springframework.transaction.annotation.ProxyTransactionManagementConfiguration' of type [org.springframework.transaction.annotation.ProxyTransactionManagementConfiguration$$EnhancerBySpringCGLIB$$412dc40a] is not eligible for getting processed by all BeanPostProcessors (for example: not eligible for auto-proxying)
2020-03-24 22:58:05.984  INFO 12020 --- [    Test worker] o.s.b.w.embedded.tomcat.TomcatWebServer  : Tomcat initialized with port(s): 0 (http)
2020-03-24 22:58:06.020  INFO 12020 --- [    Test worker] o.apache.catalina.core.StandardService   : Starting service [Tomcat]
2020-03-24 22:58:06.020  INFO 12020 --- [    Test worker] org.apache.catalina.core.StandardEngine  : Starting Servlet engine: [Apache Tomcat/9.0.26]
2020-03-24 22:58:06.223  INFO 12020 --- [    Test worker] o.a.c.c.C.[Tomcat].[localhost].[/]       : Initializing Spring embedded WebApplicationContext
2020-03-24 22:58:06.224  INFO 12020 --- [    Test worker] o.s.web.context.ContextLoader            : Root WebApplicationContext: initialization completed in 889 ms
2020-03-24 22:58:06.412  INFO 12020 --- [    Test worker] com.zaxxer.hikari.HikariDataSource       : HikariPool-2 - Starting...
2020-03-24 22:58:06.413  INFO 12020 --- [    Test worker] com.zaxxer.hikari.HikariDataSource       : HikariPool-2 - Start completed.
2020-03-24 22:58:06.456  INFO 12020 --- [    Test worker] o.hibernate.jpa.internal.util.LogHelper  : HHH000204: Processing PersistenceUnitInfo [
	name: default
	...]
2020-03-24 22:58:06.468  INFO 12020 --- [    Test worker] org.hibernate.dialect.Dialect            : HHH000400: Using dialect: org.hibernate.dialect.MySQL5InnoDBDialect
Hibernate: drop table if exists posts
Hibernate: drop table if exists user
Hibernate: create table posts (id bigint not null auto_increment, created_date datetime, modified_date datetime, author varchar(255), content TEXT not null, title varchar(500) not null, primary key (id)) engine=InnoDB
Hibernate: create table user (id bigint not null auto_increment, created_date datetime, modified_date datetime, email varchar(255) not null, name varchar(255) not null, picture varchar(255), role varchar(255) not null, primary key (id)) engine=InnoDB
2020-03-24 22:58:06.523  INFO 12020 --- [    Test worker] o.h.t.schema.internal.SchemaCreatorImpl  : HHH000476: Executing import script 'org.hibernate.tool.schema.internal.exec.ScriptSourceInputNonExistentImpl@250ba9f0'
2020-03-24 22:58:06.523  INFO 12020 --- [    Test worker] j.LocalContainerEntityManagerFactoryBean : Initialized JPA EntityManagerFactory for persistence unit 'default'
2020-03-24 22:58:06.847  INFO 12020 --- [    Test worker] o.h.h.i.QueryTranslatorFactoryInitiator  : HHH000397: Using ASTQueryTranslatorFactory
2020-03-24 22:58:07.002  INFO 12020 --- [    Test worker] o.s.s.web.DefaultSecurityFilterChain     : Creating filter chain: any request, [org.springframework.security.web.context.request.async.WebAsyncManagerIntegrationFilter@5b89db66, org.springframework.security.web.context.SecurityContextPersistenceFilter@671b4c76, org.springframework.security.web.header.HeaderWriterFilter@5b6f2608, org.springframework.security.web.authentication.logout.LogoutFilter@62183d9b, org.springframework.security.oauth2.client.web.OAuth2AuthorizationRequestRedirectFilter@e82f88c, org.springframework.security.oauth2.client.web.OAuth2LoginAuthenticationFilter@73b6a08b, org.springframework.security.web.authentication.ui.DefaultLoginPageGeneratingFilter@5fdda2ea, org.springframework.security.web.authentication.ui.DefaultLogoutPageGeneratingFilter@73cb368c, org.springframework.security.web.savedrequest.RequestCacheAwareFilter@7541857, org.springframework.security.web.servletapi.SecurityContextHolderAwareRequestFilter@25a921d3, org.springframework.security.web.authentication.AnonymousAuthenticationFilter@6a94f6e1, org.springframework.security.web.session.SessionManagementFilter@4b863115, org.springframework.security.web.access.ExceptionTranslationFilter@76d2dfb5, org.springframework.security.web.access.intercept.FilterSecurityInterceptor@5d4eb497]
2020-03-24 22:58:07.193  INFO 12020 --- [    Test worker] o.s.s.concurrent.ThreadPoolTaskExecutor  : Initializing ExecutorService 'applicationTaskExecutor'
2020-03-24 22:58:07.206  WARN 12020 --- [    Test worker] aWebConfiguration$JpaWebMvcConfiguration : spring.jpa.open-in-view is enabled by default. Therefore, database queries may be performed during view rendering. Explicitly configure spring.jpa.open-in-view to disable this warning
2020-03-24 22:58:07.235  INFO 12020 --- [    Test worker] o.s.b.a.w.s.WelcomePageHandlerMapping    : Adding welcome page template: index
2020-03-24 22:58:07.501  INFO 12020 --- [    Test worker] s.a.ScheduledAnnotationBeanPostProcessor : No TaskScheduler/ScheduledExecutorService bean found for scheduled processing
2020-03-24 22:58:07.521  INFO 12020 --- [    Test worker] o.s.b.w.embedded.tomcat.TomcatWebServer  : Tomcat started on port(s): 55778 (http) with context path ''
2020-03-24 22:58:07.522  INFO 12020 --- [    Test worker] c.m.w.mobile.web.IndexControllerTest     : Started IndexControllerTest in 2.227 seconds (JVM running for 11.667)
2020-03-24 22:58:07.611  INFO 12020 --- [o-auto-1-exec-1] o.a.c.c.C.[Tomcat].[localhost].[/]       : Initializing Spring DispatcherServlet 'dispatcherServlet'
2020-03-24 22:58:07.612  INFO 12020 --- [o-auto-1-exec-1] o.s.web.servlet.DispatcherServlet        : Initializing Servlet 'dispatcherServlet'
2020-03-24 22:58:07.629  INFO 12020 --- [o-auto-1-exec-1] o.s.web.servlet.DispatcherServlet        : Completed initialization in 17 ms
Hibernate: select posts0_.id as id1_0_, posts0_.created_date as created_2_0_, posts0_.modified_date as modified3_0_, posts0_.author as author4_0_, posts0_.content as content5_0_, posts0_.title as title6_0_ from posts posts0_ order by posts0_.id DESC
]]></system-out>
  <system-err><![CDATA[]]></system-err>
</testsuite>
