<?xml version="1.0" encoding="UTF-8"?>
<testsuite name="com.malang.webservice.mobile.web.IndexControllerTest" tests="1" skipped="0" failures="0" errors="0" timestamp="2020-03-24T11:08:22" hostname="DESKTOP-NIB6VQ9" time="0.327">
  <properties/>
  <testcase name="메인페이지_로딩" classname="com.malang.webservice.mobile.web.IndexControllerTest" time="0.327"/>
  <system-out><![CDATA[20:08:16.774 [Test worker] DEBUG org.springframework.test.context.junit4.SpringJUnit4ClassRunner - SpringJUnit4ClassRunner constructor called with [class com.malang.webservice.mobile.web.IndexControllerTest]
20:08:16.783 [Test worker] DEBUG org.springframework.test.context.BootstrapUtils - Instantiating CacheAwareContextLoaderDelegate from class [org.springframework.test.context.cache.DefaultCacheAwareContextLoaderDelegate]
20:08:16.791 [Test worker] DEBUG org.springframework.test.context.BootstrapUtils - Instantiating BootstrapContext using constructor [public org.springframework.test.context.support.DefaultBootstrapContext(java.lang.Class,org.springframework.test.context.CacheAwareContextLoaderDelegate)]
20:08:16.806 [Test worker] DEBUG org.springframework.test.context.BootstrapUtils - Instantiating TestContextBootstrapper for test class [com.malang.webservice.mobile.web.IndexControllerTest] from class [org.springframework.boot.test.context.SpringBootTestContextBootstrapper]
20:08:16.818 [Test worker] INFO org.springframework.boot.test.context.SpringBootTestContextBootstrapper - Neither @ContextConfiguration nor @ContextHierarchy found for test class [com.malang.webservice.mobile.web.IndexControllerTest], using SpringBootContextLoader
20:08:16.821 [Test worker] DEBUG org.springframework.test.context.support.AbstractContextLoader - Did not detect default resource location for test class [com.malang.webservice.mobile.web.IndexControllerTest]: class path resource [com/malang/webservice/mobile/web/IndexControllerTest-context.xml] does not exist
20:08:16.822 [Test worker] DEBUG org.springframework.test.context.support.AbstractContextLoader - Did not detect default resource location for test class [com.malang.webservice.mobile.web.IndexControllerTest]: class path resource [com/malang/webservice/mobile/web/IndexControllerTestContext.groovy] does not exist
20:08:16.822 [Test worker] INFO org.springframework.test.context.support.AbstractContextLoader - Could not detect default resource locations for test class [com.malang.webservice.mobile.web.IndexControllerTest]: no resource found for suffixes {-context.xml, Context.groovy}.
20:08:16.823 [Test worker] INFO org.springframework.test.context.support.AnnotationConfigContextLoaderUtils - Could not detect default configuration classes for test class [com.malang.webservice.mobile.web.IndexControllerTest]: IndexControllerTest does not declare any static, non-private, non-final, nested classes annotated with @Configuration.
20:08:16.866 [Test worker] DEBUG org.springframework.test.context.support.ActiveProfilesUtils - Could not find an 'annotation declaring class' for annotation type [org.springframework.test.context.ActiveProfiles] and class [com.malang.webservice.mobile.web.IndexControllerTest]
20:08:16.976 [Test worker] DEBUG org.springframework.context.annotation.ClassPathScanningCandidateComponentProvider - Identified candidate component class: file [C:\Users\winde\IdeaProjects\malang-webservice\build\classes\java\main\com\malang\webservice\mobile\Application.class]
20:08:16.978 [Test worker] INFO org.springframework.boot.test.context.SpringBootTestContextBootstrapper - Found @SpringBootConfiguration com.malang.webservice.mobile.Application for test class com.malang.webservice.mobile.web.IndexControllerTest
20:08:17.085 [Test worker] DEBUG org.springframework.boot.test.context.SpringBootTestContextBootstrapper - @TestExecutionListeners is not present for class [com.malang.webservice.mobile.web.IndexControllerTest]: using defaults.
20:08:17.086 [Test worker] INFO org.springframework.boot.test.context.SpringBootTestContextBootstrapper - Loaded default TestExecutionListener class names from location [META-INF/spring.factories]: [org.springframework.boot.test.autoconfigure.restdocs.RestDocsTestExecutionListener, org.springframework.boot.test.autoconfigure.web.client.MockRestServiceServerResetTestExecutionListener, org.springframework.boot.test.autoconfigure.web.servlet.MockMvcPrintOnlyOnFailureTestExecutionListener, org.springframework.boot.test.autoconfigure.web.servlet.WebDriverTestExecutionListener, org.springframework.boot.test.mock.mockito.MockitoTestExecutionListener, org.springframework.boot.test.mock.mockito.ResetMocksTestExecutionListener, org.springframework.test.context.web.ServletTestExecutionListener, org.springframework.test.context.support.DirtiesContextBeforeModesTestExecutionListener, org.springframework.test.context.support.DependencyInjectionTestExecutionListener, org.springframework.test.context.support.DirtiesContextTestExecutionListener, org.springframework.test.context.transaction.TransactionalTestExecutionListener, org.springframework.test.context.jdbc.SqlScriptsTestExecutionListener]
20:08:17.106 [Test worker] INFO org.springframework.boot.test.context.SpringBootTestContextBootstrapper - Using TestExecutionListeners: [org.springframework.test.context.web.ServletTestExecutionListener@19ecb47c, org.springframework.test.context.support.DirtiesContextBeforeModesTestExecutionListener@57cf16d9, org.springframework.boot.test.mock.mockito.MockitoTestExecutionListener@1b09b364, org.springframework.boot.test.autoconfigure.SpringBootDependencyInjectionTestExecutionListener@192b9035, org.springframework.test.context.support.DirtiesContextTestExecutionListener@65988838, org.springframework.test.context.transaction.TransactionalTestExecutionListener@4ace338c, org.springframework.test.context.jdbc.SqlScriptsTestExecutionListener@1c0a2b22, org.springframework.boot.test.autoconfigure.restdocs.RestDocsTestExecutionListener@59e5aaae, org.springframework.boot.test.autoconfigure.web.client.MockRestServiceServerResetTestExecutionListener@781d20e2, org.springframework.boot.test.autoconfigure.web.servlet.MockMvcPrintOnlyOnFailureTestExecutionListener@43f43e3e, org.springframework.boot.test.autoconfigure.web.servlet.WebDriverTestExecutionListener@e6a5e59, org.springframework.boot.test.mock.mockito.ResetMocksTestExecutionListener@7a2e25e0]
20:08:17.110 [Test worker] DEBUG org.springframework.test.annotation.ProfileValueUtils - Retrieved @ProfileValueSourceConfiguration [null] for test class [com.malang.webservice.mobile.web.IndexControllerTest]
20:08:17.111 [Test worker] DEBUG org.springframework.test.annotation.ProfileValueUtils - Retrieved ProfileValueSource type [class org.springframework.test.annotation.SystemProfileValueSource] for class [com.malang.webservice.mobile.web.IndexControllerTest]
20:08:17.115 [Test worker] DEBUG org.springframework.test.annotation.ProfileValueUtils - Retrieved @ProfileValueSourceConfiguration [null] for test class [com.malang.webservice.mobile.web.IndexControllerTest]
20:08:17.115 [Test worker] DEBUG org.springframework.test.annotation.ProfileValueUtils - Retrieved ProfileValueSource type [class org.springframework.test.annotation.SystemProfileValueSource] for class [com.malang.webservice.mobile.web.IndexControllerTest]
20:08:17.116 [Test worker] DEBUG org.springframework.test.annotation.ProfileValueUtils - Retrieved @ProfileValueSourceConfiguration [null] for test class [com.malang.webservice.mobile.web.IndexControllerTest]
20:08:17.116 [Test worker] DEBUG org.springframework.test.annotation.ProfileValueUtils - Retrieved ProfileValueSource type [class org.springframework.test.annotation.SystemProfileValueSource] for class [com.malang.webservice.mobile.web.IndexControllerTest]
20:08:17.120 [Test worker] DEBUG org.springframework.test.context.support.AbstractDirtiesContextTestExecutionListener - Before test class: context [DefaultTestContext@456918c0 testClass = IndexControllerTest, testInstance = [null], testMethod = [null], testException = [null], mergedContextConfiguration = [WebMergedContextConfiguration@2c4e69 testClass = IndexControllerTest, locations = '{}', classes = '{class com.malang.webservice.mobile.Application}', contextInitializerClasses = '[]', activeProfiles = '{}', propertySourceLocations = '{}', propertySourceProperties = '{org.springframework.boot.test.context.SpringBootTestContextBootstrapper=true, server.port=0}', contextCustomizers = set[org.springframework.boot.test.autoconfigure.properties.PropertyMappingContextCustomizer@0, org.springframework.boot.test.autoconfigure.web.servlet.WebDriverContextCustomizerFactory$Customizer@caa2c3d, org.springframework.boot.test.context.filter.ExcludeFilterContextCustomizer@66388d42, org.springframework.boot.test.json.DuplicateJsonObjectContextCustomizerFactory$DuplicateJsonObjectContextCustomizer@6e79f7cc, org.springframework.boot.test.mock.mockito.MockitoContextCustomizer@0, org.springframework.boot.test.web.client.TestRestTemplateContextCustomizer@4e564166], resourceBasePath = 'src/main/webapp', contextLoader = 'org.springframework.boot.test.context.SpringBootContextLoader', parent = [null]], attributes = map['org.springframework.test.context.web.ServletTestExecutionListener.activateListener' -> false]], class annotated with @DirtiesContext [false] with mode [null].
20:08:17.121 [Test worker] DEBUG org.springframework.test.annotation.ProfileValueUtils - Retrieved @ProfileValueSourceConfiguration [null] for test class [com.malang.webservice.mobile.web.IndexControllerTest]
20:08:17.121 [Test worker] DEBUG org.springframework.test.annotation.ProfileValueUtils - Retrieved ProfileValueSource type [class org.springframework.test.annotation.SystemProfileValueSource] for class [com.malang.webservice.mobile.web.IndexControllerTest]
20:08:17.126 [Test worker] DEBUG org.springframework.test.context.support.DependencyInjectionTestExecutionListener - Performing dependency injection for test context [[DefaultTestContext@456918c0 testClass = IndexControllerTest, testInstance = com.malang.webservice.mobile.web.IndexControllerTest@19f04d65, testMethod = [null], testException = [null], mergedContextConfiguration = [WebMergedContextConfiguration@2c4e69 testClass = IndexControllerTest, locations = '{}', classes = '{class com.malang.webservice.mobile.Application}', contextInitializerClasses = '[]', activeProfiles = '{}', propertySourceLocations = '{}', propertySourceProperties = '{org.springframework.boot.test.context.SpringBootTestContextBootstrapper=true, server.port=0}', contextCustomizers = set[org.springframework.boot.test.autoconfigure.properties.PropertyMappingContextCustomizer@0, org.springframework.boot.test.autoconfigure.web.servlet.WebDriverContextCustomizerFactory$Customizer@caa2c3d, org.springframework.boot.test.context.filter.ExcludeFilterContextCustomizer@66388d42, org.springframework.boot.test.json.DuplicateJsonObjectContextCustomizerFactory$DuplicateJsonObjectContextCustomizer@6e79f7cc, org.springframework.boot.test.mock.mockito.MockitoContextCustomizer@0, org.springframework.boot.test.web.client.TestRestTemplateContextCustomizer@4e564166], resourceBasePath = 'src/main/webapp', contextLoader = 'org.springframework.boot.test.context.SpringBootContextLoader', parent = [null]], attributes = map['org.springframework.test.context.web.ServletTestExecutionListener.activateListener' -> false]]].
20:08:17.149 [Test worker] DEBUG org.springframework.test.context.support.TestPropertySourceUtils - Adding inlined properties to environment: {spring.jmx.enabled=false, org.springframework.boot.test.context.SpringBootTestContextBootstrapper=true, server.port=0}

  .   ____          _            __ _ _
 /\\ / ___'_ __ _ _(_)_ __  __ _ \ \ \ \
( ( )\___ | '_ | '_| | '_ \/ _` | \ \ \ \
 \\/  ___)| |_)| | | | | || (_| |  ) ) ) )
  '  |____| .__|_| |_|_| |_\__, | / / / /
 =========|_|==============|___/=/_/_/_/
 :: Spring Boot ::        (v2.1.9.RELEASE)

2020-03-24 20:08:17.468  INFO 19096 --- [    Test worker] c.m.w.mobile.web.IndexControllerTest     : Starting IndexControllerTest on DESKTOP-NIB6VQ9 with PID 19096 (started by winde in C:\Users\winde\IdeaProjects\malang-webservice)
2020-03-24 20:08:17.469  INFO 19096 --- [    Test worker] c.m.w.mobile.web.IndexControllerTest     : No active profile set, falling back to default profiles: default
2020-03-24 20:08:18.186  INFO 19096 --- [    Test worker] .s.d.r.c.RepositoryConfigurationDelegate : Bootstrapping Spring Data repositories in DEFAULT mode.
2020-03-24 20:08:18.295  INFO 19096 --- [    Test worker] .s.d.r.c.RepositoryConfigurationDelegate : Finished Spring Data repository scanning in 95ms. Found 1 repository interfaces.
2020-03-24 20:08:18.736  INFO 19096 --- [    Test worker] trationDelegate$BeanPostProcessorChecker : Bean 'org.springframework.transaction.annotation.ProxyTransactionManagementConfiguration' of type [org.springframework.transaction.annotation.ProxyTransactionManagementConfiguration$$EnhancerBySpringCGLIB$$39d297ac] is not eligible for getting processed by all BeanPostProcessors (for example: not eligible for auto-proxying)
2020-03-24 20:08:19.171  INFO 19096 --- [    Test worker] o.s.b.w.embedded.tomcat.TomcatWebServer  : Tomcat initialized with port(s): 0 (http)
2020-03-24 20:08:19.204  INFO 19096 --- [    Test worker] o.apache.catalina.core.StandardService   : Starting service [Tomcat]
2020-03-24 20:08:19.204  INFO 19096 --- [    Test worker] org.apache.catalina.core.StandardEngine  : Starting Servlet engine: [Apache Tomcat/9.0.26]
2020-03-24 20:08:19.414  INFO 19096 --- [    Test worker] o.a.c.c.C.[Tomcat].[localhost].[/]       : Initializing Spring embedded WebApplicationContext
2020-03-24 20:08:19.414  INFO 19096 --- [    Test worker] o.s.web.context.ContextLoader            : Root WebApplicationContext: initialization completed in 1926 ms
2020-03-24 20:08:19.755  INFO 19096 --- [    Test worker] com.zaxxer.hikari.HikariDataSource       : HikariPool-1 - Starting...
2020-03-24 20:08:19.958  INFO 19096 --- [    Test worker] com.zaxxer.hikari.HikariDataSource       : HikariPool-1 - Start completed.
2020-03-24 20:08:20.056  INFO 19096 --- [    Test worker] o.hibernate.jpa.internal.util.LogHelper  : HHH000204: Processing PersistenceUnitInfo [
	name: default
	...]
2020-03-24 20:08:20.149  INFO 19096 --- [    Test worker] org.hibernate.Version                    : HHH000412: Hibernate Core {5.3.12.Final}
2020-03-24 20:08:20.151  INFO 19096 --- [    Test worker] org.hibernate.cfg.Environment            : HHH000206: hibernate.properties not found
2020-03-24 20:08:20.343  INFO 19096 --- [    Test worker] o.hibernate.annotations.common.Version   : HCANN000001: Hibernate Commons Annotations {5.0.4.Final}
2020-03-24 20:08:20.546  INFO 19096 --- [    Test worker] org.hibernate.dialect.Dialect            : HHH000400: Using dialect: org.hibernate.dialect.MySQL5InnoDBDialect
Hibernate: drop table if exists posts
Hibernate: create table posts (id bigint not null auto_increment, created_date datetime, modified_date datetime, author varchar(255), content TEXT not null, title varchar(500) not null, primary key (id)) engine=InnoDB
2020-03-24 20:08:21.283  INFO 19096 --- [    Test worker] o.h.t.schema.internal.SchemaCreatorImpl  : HHH000476: Executing import script 'org.hibernate.tool.schema.internal.exec.ScriptSourceInputNonExistentImpl@1ed75e77'
2020-03-24 20:08:21.287  INFO 19096 --- [    Test worker] j.LocalContainerEntityManagerFactoryBean : Initialized JPA EntityManagerFactory for persistence unit 'default'
2020-03-24 20:08:22.043  INFO 19096 --- [    Test worker] o.s.s.concurrent.ThreadPoolTaskExecutor  : Initializing ExecutorService 'applicationTaskExecutor'
2020-03-24 20:08:22.098  WARN 19096 --- [    Test worker] aWebConfiguration$JpaWebMvcConfiguration : spring.jpa.open-in-view is enabled by default. Therefore, database queries may be performed during view rendering. Explicitly configure spring.jpa.open-in-view to disable this warning
2020-03-24 20:08:22.145  INFO 19096 --- [    Test worker] o.s.b.a.w.s.WelcomePageHandlerMapping    : Adding welcome page template: index
2020-03-24 20:08:22.492  INFO 19096 --- [    Test worker] o.s.b.w.embedded.tomcat.TomcatWebServer  : Tomcat started on port(s): 58489 (http) with context path ''
2020-03-24 20:08:22.496  INFO 19096 --- [    Test worker] c.m.w.mobile.web.IndexControllerTest     : Started IndexControllerTest in 5.344 seconds (JVM running for 6.909)
2020-03-24 20:08:22.696  INFO 19096 --- [o-auto-1-exec-1] o.a.c.c.C.[Tomcat].[localhost].[/]       : Initializing Spring DispatcherServlet 'dispatcherServlet'
2020-03-24 20:08:22.697  INFO 19096 --- [o-auto-1-exec-1] o.s.web.servlet.DispatcherServlet        : Initializing Servlet 'dispatcherServlet'
2020-03-24 20:08:22.723  INFO 19096 --- [o-auto-1-exec-1] o.s.web.servlet.DispatcherServlet        : Completed initialization in 26 ms
]]></system-out>
  <system-err><![CDATA[]]></system-err>
</testsuite>
